<?xml version="1.0" encoding="UTF-8"?>
<!-- Generated by org.testng.reporters.JUnitReportReporter -->
<testsuite skipped="0" hostname="ATMECSINLT-084" name="com.atmecs.testscript.HomePageValidation" tests="1" failures="0" timestamp="2019-12-16T20:13:20 IST" time="15.969" errors="0">
  <testcase name="enteringDetails" time="15.969" classname="com.atmecs.testscript.HomePageValidation"/>
</testsuite> <!-- com.atmecs.testscript.HomePageValidation -->
